<?xml version="1.0" encoding="UTF-8"?>
<!-- Generated by org.testng.reporters.JUnitReportReporter -->
<testsuite skipped="0" hostname="Fahim-Ahmed-1988" name="testHomePage.TestHomePage" tests="1" failures="0" timestamp="25 Oct 2018 21:13:48 GMT" time="9.528" errors="0">
  <testcase name="testHome" time="9.528" classname="testHomePage.TestHomePage"/>
</testsuite> <!-- testHomePage.TestHomePage -->
